TN:
SF:/Users/james/dev/maxwell-modal/src/AlertModal.js
FN:10,(anonymous_1)
FN:16,(anonymous_2)
FNF:2
FNH:1
FNDA:1,(anonymous_1)
FNDA:0,(anonymous_2)
DA:1,1
DA:2,1
DA:3,1
DA:4,1
DA:5,1
DA:6,1
DA:8,1
DA:11,1
DA:17,0
LF:9
LH:8
BRF:0
BRH:0
end_of_record
TN:
SF:/Users/james/dev/maxwell-modal/src/templates/header.handlebars
FN:3,(anonymous_1)
FN:5,(anonymous_2)
FNF:2
FNH:2
FNDA:3,(anonymous_1)
FNDA:3,(anonymous_2)
DA:2,1
DA:3,1
DA:4,3
DA:6,3
DA:7,3
DA:8,3
DA:9,3
LF:7
LH:7
BRDA:7,1,0,3
BRDA:7,1,1,0
BRDA:8,2,0,3
BRDA:8,2,1,0
BRDA:10,3,0,3
BRDA:10,3,1,0
BRDA:10,4,0,3
BRDA:10,4,1,3
BRDA:10,5,0,3
BRDA:10,5,1,0
BRDA:10,6,0,0
BRDA:10,6,1,3
BRF:12
BRH:7
end_of_record
TN:
SF:/Users/james/dev/maxwell-modal/src/templates/alert-footer.handlebars
FN:3,(anonymous_1)
FNF:1
FNH:0
FNDA:0,(anonymous_1)
DA:2,1
DA:3,1
DA:4,0
DA:5,0
LF:4
LH:2
BRDA:6,1,0,0
BRDA:6,1,1,0
BRDA:6,2,0,0
BRDA:6,2,1,0
BRDA:6,3,0,0
BRDA:6,3,1,0
BRDA:6,4,0,0
BRDA:6,4,1,0
BRF:8
BRH:0
end_of_record
TN:
SF:/Users/james/dev/maxwell-modal/src/Modal.js
FN:73,(anonymous_1)
FN:89,(anonymous_2)
FN:100,(anonymous_3)
FN:151,(anonymous_4)
FNF:4
FNH:1
FNDA:0,(anonymous_1)
FNDA:0,(anonymous_2)
FNDA:3,(anonymous_3)
FNDA:0,(anonymous_4)
DA:1,1
DA:2,1
DA:3,1
DA:4,1
DA:5,1
DA:6,1
DA:7,1
DA:8,1
DA:11,1
DA:74,0
DA:76,0
DA:77,0
DA:80,0
DA:81,0
DA:90,0
DA:92,0
DA:93,0
DA:96,0
DA:97,0
DA:101,3
DA:102,3
DA:103,3
DA:104,3
DA:106,3
DA:108,3
DA:109,0
DA:112,3
DA:113,2
DA:114,1
DA:115,1
DA:121,3
DA:122,0
DA:126,3
DA:128,3
DA:130,3
DA:132,3
DA:134,3
DA:137,3
DA:138,0
DA:144,3
DA:147,3
DA:148,3
DA:151,3
DA:152,0
DA:153,0
DA:155,0
DA:158,3
DA:159,3
LF:48
LH:32
BRDA:76,1,0,0
BRDA:76,1,1,0
BRDA:80,2,0,0
BRDA:80,2,1,0
BRDA:92,3,0,0
BRDA:92,3,1,0
BRDA:96,4,0,0
BRDA:96,4,1,0
BRDA:108,5,0,0
BRDA:108,5,1,3
BRDA:112,6,0,2
BRDA:112,6,1,1
BRDA:114,7,0,1
BRDA:114,7,1,0
BRDA:121,8,0,0
BRDA:121,8,1,3
BRDA:137,9,0,0
BRDA:137,9,1,3
BRDA:147,10,0,3
BRDA:147,10,1,0
BRDA:152,11,0,0
BRDA:152,11,1,0
BRF:22
BRH:7
end_of_record
TN:
SF:/Users/james/dev/maxwell-modal/src/templates/modal.handlebars
FN:3,(anonymous_1)
FNF:1
FNH:1
FNDA:3,(anonymous_1)
DA:2,1
DA:3,1
DA:4,3
LF:3
LH:3
BRF:0
BRH:0
end_of_record
TN:
SF:/Users/james/dev/maxwell-modal/src/templates/body.handlebars
FN:3,(anonymous_1)
FNF:1
FNH:1
FNDA:3,(anonymous_1)
DA:2,1
DA:3,1
DA:4,3
LF:3
LH:3
BRF:0
BRH:0
end_of_record
TN:
SF:/Users/james/dev/maxwell-modal/src/templates/footer-wrapper.handlebars
FN:3,(anonymous_1)
FNF:1
FNH:1
FNDA:3,(anonymous_1)
DA:2,1
DA:3,1
DA:4,3
LF:3
LH:3
BRF:0
BRH:0
end_of_record
TN:
SF:/Users/james/dev/maxwell-modal/src/ConfirmModal.js
FN:10,(anonymous_1)
FN:16,(anonymous_2)
FNF:2
FNH:1
FNDA:1,(anonymous_1)
FNDA:0,(anonymous_2)
DA:1,1
DA:2,1
DA:3,1
DA:4,1
DA:5,1
DA:6,1
DA:8,1
DA:11,1
DA:17,0
LF:9
LH:8
BRF:0
BRH:0
end_of_record
TN:
SF:/Users/james/dev/maxwell-modal/src/templates/confirm-footer.handlebars
FN:3,(anonymous_1)
FNF:1
FNH:0
FNDA:0,(anonymous_1)
DA:2,1
DA:3,1
DA:4,0
DA:5,0
LF:4
LH:2
BRDA:6,1,0,0
BRDA:6,1,1,0
BRDA:6,2,0,0
BRDA:6,2,1,0
BRDA:6,3,0,0
BRDA:6,3,1,0
BRDA:6,4,0,0
BRDA:6,4,1,0
BRDA:8,5,0,0
BRDA:8,5,1,0
BRDA:8,6,0,0
BRDA:8,6,1,0
BRDA:8,7,0,0
BRDA:8,7,1,0
BRDA:8,8,0,0
BRDA:8,8,1,0
BRF:16
BRH:0
end_of_record
